{
"contracts/DecentraVote.sol":{"l":{"67":3,"68":3,"69":3,"70":3,"71":3,"72":3,"78":17,"79":1,"81":16,"90":16,"91":0,"94":16,"95":16,"99":20,"100":1,"103":19,"106":19,"107":1,"110":18,"111":2,"114":16,"115":16,"119":16,"120":1,"123":15,"124":1,"127":14,"128":1,"131":13,"132":13,"133":13,"135":13,"136":11,"137":11,"139":0,"143":13,"163":12,"164":12,"165":12,"166":12,"167":12,"171":8,"172":8,"173":1,"179":7,"181":7,"182":7,"183":6,"184":6,"185":6,"189":7,"195":1,"196":1,"197":1,"199":1,"203":1,"204":1,"205":1,"207":1,"211":2,"212":2,"213":2,"215":2,"219":1,"223":1,"227":0,"231":2,"235":1,"239":1,"243":1,"247":5,"251":0,"255":1,"259":2,"263":1},"path":"/home/nilesh/projects/DecentraVote/Backend/contracts/DecentraVote.sol","s":{"1":17,"2":16,"3":16,"4":16,"5":20,"6":19,"7":19,"8":18,"9":16,"10":16,"11":15,"12":14,"13":13,"14":11,"15":13,"16":12,"17":12,"18":12,"19":12,"20":8,"21":8,"22":7,"23":7,"24":7,"25":1,"26":1,"27":1,"28":1,"29":1,"30":1,"31":2,"32":2,"33":2,"34":1,"35":1,"36":0,"37":2,"38":1,"39":1,"40":1,"41":5,"42":0,"43":1,"44":2,"45":1},"b":{"1":[1,16],"2":[16,1],"3":[0,16],"4":[1,19],"5":[1,18],"6":[2,16],"7":[1,15],"8":[1,14],"9":[1,13],"10":[11,0],"11":[1,7],"12":[6,1]},"f":{"1":3,"2":17,"3":16,"4":20,"5":16,"6":12,"7":8,"8":1,"9":1,"10":2,"11":1,"12":1,"13":0,"14":2,"15":1,"16":1,"17":1,"18":5,"19":0,"20":1,"21":2,"22":1},"fnMap":{"1":{"name":"constructor","line":66,"loc":{"start":{"line":66,"column":4},"end":{"line":73,"column":4}}},"2":{"name":"onlyOwner","line":77,"loc":{"start":{"line":77,"column":4},"end":{"line":82,"column":4}}},"3":{"name":"addCandidates","line":89,"loc":{"start":{"line":86,"column":4},"end":{"line":96,"column":4}}},"4":{"name":"registerVoter","line":98,"loc":{"start":{"line":98,"column":4},"end":{"line":116,"column":4}}},"5":{"name":"vote","line":118,"loc":{"start":{"line":118,"column":4},"end":{"line":144,"column":4}}},"6":{"name":"checkUpkeep","line":155,"loc":{"start":{"line":155,"column":4},"end":{"line":168,"column":4}}},"7":{"name":"performUpkeep","line":170,"loc":{"start":{"line":170,"column":4},"end":{"line":190,"column":4}}},"8":{"name":"getCandidateNames","line":194,"loc":{"start":{"line":194,"column":4},"end":{"line":200,"column":4}}},"9":{"name":"getCandidateAddress","line":202,"loc":{"start":{"line":202,"column":4},"end":{"line":208,"column":4}}},"10":{"name":"getCandidateVote","line":210,"loc":{"start":{"line":210,"column":4},"end":{"line":216,"column":4}}},"11":{"name":"getEligibility","line":218,"loc":{"start":{"line":218,"column":4},"end":{"line":220,"column":4}}},"12":{"name":"getVotedTo","line":222,"loc":{"start":{"line":222,"column":4},"end":{"line":224,"column":4}}},"13":{"name":"getCondidateWithVotes","line":226,"loc":{"start":{"line":226,"column":4},"end":{"line":228,"column":4}}},"14":{"name":"getTotalVotes","line":230,"loc":{"start":{"line":230,"column":4},"end":{"line":232,"column":4}}},"15":{"name":"getCampaignName","line":234,"loc":{"start":{"line":234,"column":4},"end":{"line":236,"column":4}}},"16":{"name":"getWinnerAddress","line":238,"loc":{"start":{"line":238,"column":4},"end":{"line":240,"column":4}}},"17":{"name":"getWinnerName","line":242,"loc":{"start":{"line":242,"column":4},"end":{"line":244,"column":4}}},"18":{"name":"getInterval","line":246,"loc":{"start":{"line":246,"column":4},"end":{"line":248,"column":4}}},"19":{"name":"getInitialTime","line":250,"loc":{"start":{"line":250,"column":4},"end":{"line":252,"column":4}}},"20":{"name":"getOwner","line":254,"loc":{"start":{"line":254,"column":4},"end":{"line":256,"column":4}}},"21":{"name":"getCampaignState","line":258,"loc":{"start":{"line":258,"column":4},"end":{"line":260,"column":4}}},"22":{"name":"getHighestVote","line":262,"loc":{"start":{"line":262,"column":4},"end":{"line":264,"column":4}}}},"statementMap":{"1":{"start":{"line":78,"column":8},"end":{"line":78,"column":2033}},"2":{"start":{"line":90,"column":8},"end":{"line":90,"column":2281}},"3":{"start":{"line":94,"column":8},"end":{"line":94,"column":63}},"4":{"start":{"line":95,"column":8},"end":{"line":95,"column":52}},"5":{"start":{"line":99,"column":8},"end":{"line":99,"column":2601}},"6":{"start":{"line":103,"column":8},"end":{"line":103,"column":2713}},"7":{"start":{"line":106,"column":8},"end":{"line":106,"column":2788}},"8":{"start":{"line":110,"column":8},"end":{"line":110,"column":2885}},"9":{"start":{"line":115,"column":8},"end":{"line":115,"column":40}},"10":{"start":{"line":119,"column":8},"end":{"line":119,"column":3130}},"11":{"start":{"line":123,"column":8},"end":{"line":123,"column":3243}},"12":{"start":{"line":127,"column":8},"end":{"line":127,"column":3346}},"13":{"start":{"line":135,"column":8},"end":{"line":135,"column":3583}},"14":{"start":{"line":136,"column":12},"end":{"line":136,"column":3651}},"15":{"start":{"line":143,"column":8},"end":{"line":143,"column":41}},"16":{"start":{"line":163,"column":8},"end":{"line":163,"column":62}},"17":{"start":{"line":164,"column":8},"end":{"line":164,"column":54}},"18":{"start":{"line":165,"column":8},"end":{"line":165,"column":66}},"19":{"start":{"line":167,"column":8},"end":{"line":167,"column":33}},"20":{"start":{"line":171,"column":8},"end":{"line":171,"column":47}},"21":{"start":{"line":172,"column":8},"end":{"line":172,"column":4717}},"22":{"start":{"line":181,"column":8},"end":{"line":181,"column":4949}},"23":{"start":{"line":182,"column":12},"end":{"line":182,"column":5017}},"24":{"start":{"line":189,"column":8},"end":{"line":189,"column":46}},"25":{"start":{"line":195,"column":8},"end":{"line":195,"column":74}},"26":{"start":{"line":196,"column":8},"end":{"line":196,"column":5493}},"27":{"start":{"line":199,"column":8},"end":{"line":199,"column":29}},"28":{"start":{"line":203,"column":8},"end":{"line":203,"column":78}},"29":{"start":{"line":204,"column":8},"end":{"line":204,"column":5820}},"30":{"start":{"line":207,"column":8},"end":{"line":207,"column":31}},"31":{"start":{"line":211,"column":8},"end":{"line":211,"column":75}},"32":{"start":{"line":212,"column":8},"end":{"line":212,"column":6148}},"33":{"start":{"line":215,"column":8},"end":{"line":215,"column":28}},"34":{"start":{"line":219,"column":8},"end":{"line":219,"column":40}},"35":{"start":{"line":223,"column":8},"end":{"line":223,"column":37}},"36":{"start":{"line":227,"column":8},"end":{"line":227,"column":27}},"37":{"start":{"line":231,"column":8},"end":{"line":231,"column":27}},"38":{"start":{"line":235,"column":8},"end":{"line":235,"column":27}},"39":{"start":{"line":239,"column":8},"end":{"line":239,"column":23}},"40":{"start":{"line":243,"column":8},"end":{"line":243,"column":27}},"41":{"start":{"line":247,"column":8},"end":{"line":247,"column":25}},"42":{"start":{"line":251,"column":8},"end":{"line":251,"column":26}},"43":{"start":{"line":255,"column":8},"end":{"line":255,"column":22}},"44":{"start":{"line":259,"column":8},"end":{"line":259,"column":30}},"45":{"start":{"line":263,"column":8},"end":{"line":263,"column":26}}},"branchMap":{"1":{"line":78,"type":"if","locations":[{"start":{"line":78,"column":8},"end":{"line":78,"column":8}},{"start":{"line":78,"column":8},"end":{"line":78,"column":8}}]},"2":{"line":89,"type":"if","locations":[{"start":{"line":89,"column":13},"end":{"line":89,"column":13}},{"start":{"line":89,"column":13},"end":{"line":89,"column":13}}]},"3":{"line":90,"type":"if","locations":[{"start":{"line":90,"column":8},"end":{"line":90,"column":8}},{"start":{"line":90,"column":8},"end":{"line":90,"column":8}}]},"4":{"line":99,"type":"if","locations":[{"start":{"line":99,"column":8},"end":{"line":99,"column":8}},{"start":{"line":99,"column":8},"end":{"line":99,"column":8}}]},"5":{"line":106,"type":"if","locations":[{"start":{"line":106,"column":8},"end":{"line":106,"column":8}},{"start":{"line":106,"column":8},"end":{"line":106,"column":8}}]},"6":{"line":110,"type":"if","locations":[{"start":{"line":110,"column":8},"end":{"line":110,"column":8}},{"start":{"line":110,"column":8},"end":{"line":110,"column":8}}]},"7":{"line":119,"type":"if","locations":[{"start":{"line":119,"column":8},"end":{"line":119,"column":8}},{"start":{"line":119,"column":8},"end":{"line":119,"column":8}}]},"8":{"line":123,"type":"if","locations":[{"start":{"line":123,"column":8},"end":{"line":123,"column":8}},{"start":{"line":123,"column":8},"end":{"line":123,"column":8}}]},"9":{"line":127,"type":"if","locations":[{"start":{"line":127,"column":8},"end":{"line":127,"column":8}},{"start":{"line":127,"column":8},"end":{"line":127,"column":8}}]},"10":{"line":136,"type":"if","locations":[{"start":{"line":136,"column":12},"end":{"line":136,"column":12}},{"start":{"line":136,"column":12},"end":{"line":136,"column":12}}]},"11":{"line":172,"type":"if","locations":[{"start":{"line":172,"column":8},"end":{"line":172,"column":8}},{"start":{"line":172,"column":8},"end":{"line":172,"column":8}}]},"12":{"line":182,"type":"if","locations":[{"start":{"line":182,"column":12},"end":{"line":182,"column":12}},{"start":{"line":182,"column":12},"end":{"line":182,"column":12}}]}}}}
