TN:
SF:/home/nilesh/projects/DecentraVote/Backend/contracts/DecentraVote.sol
FN:66,constructor
FN:77,onlyOwner
FN:89,addCandidates
FN:98,registerVoter
FN:118,vote
FN:155,checkUpkeep
FN:170,performUpkeep
FN:194,getCandidateNames
FN:202,getCandidateAddress
FN:210,getCandidateVote
FN:218,getEligibility
FN:222,getVotedTo
FN:226,getCondidateWithVotes
FN:230,getTotalVotes
FN:234,getCampaignName
FN:238,getWinnerAddress
FN:242,getWinnerName
FN:246,getInterval
FN:250,getInitialTime
FN:254,getOwner
FN:258,getCampaignState
FN:262,getHighestVote
FNF:22
FNH:20
FNDA:3,constructor
FNDA:17,onlyOwner
FNDA:16,addCandidates
FNDA:20,registerVoter
FNDA:16,vote
FNDA:12,checkUpkeep
FNDA:8,performUpkeep
FNDA:1,getCandidateNames
FNDA:1,getCandidateAddress
FNDA:2,getCandidateVote
FNDA:1,getEligibility
FNDA:1,getVotedTo
FNDA:0,getCondidateWithVotes
FNDA:2,getTotalVotes
FNDA:1,getCampaignName
FNDA:1,getWinnerAddress
FNDA:1,getWinnerName
FNDA:5,getInterval
FNDA:0,getInitialTime
FNDA:1,getOwner
FNDA:2,getCampaignState
FNDA:1,getHighestVote
DA:67,3
DA:68,3
DA:69,3
DA:70,3
DA:71,3
DA:72,3
DA:78,17
DA:79,1
DA:81,16
DA:90,16
DA:91,0
DA:94,16
DA:95,16
DA:99,20
DA:100,1
DA:103,19
DA:106,19
DA:107,1
DA:110,18
DA:111,2
DA:114,16
DA:115,16
DA:119,16
DA:120,1
DA:123,15
DA:124,1
DA:127,14
DA:128,1
DA:131,13
DA:132,13
DA:133,13
DA:135,13
DA:136,11
DA:137,11
DA:139,0
DA:143,13
DA:163,12
DA:164,12
DA:165,12
DA:166,12
DA:167,12
DA:171,8
DA:172,8
DA:173,1
DA:179,7
DA:181,7
DA:182,7
DA:183,6
DA:184,6
DA:185,6
DA:189,7
DA:195,1
DA:196,1
DA:197,1
DA:199,1
DA:203,1
DA:204,1
DA:205,1
DA:207,1
DA:211,2
DA:212,2
DA:213,2
DA:215,2
DA:219,1
DA:223,1
DA:227,0
DA:231,2
DA:235,1
DA:239,1
DA:243,1
DA:247,5
DA:251,0
DA:255,1
DA:259,2
DA:263,1
LF:75
LH:71
BRDA:78,1,0,1
BRDA:78,1,1,16
BRDA:89,2,0,16
BRDA:89,2,1,1
BRDA:90,3,0,0
BRDA:90,3,1,16
BRDA:99,4,0,1
BRDA:99,4,1,19
BRDA:106,5,0,1
BRDA:106,5,1,18
BRDA:110,6,0,2
BRDA:110,6,1,16
BRDA:119,7,0,1
BRDA:119,7,1,15
BRDA:123,8,0,1
BRDA:123,8,1,14
BRDA:127,9,0,1
BRDA:127,9,1,13
BRDA:136,10,0,11
BRDA:136,10,1,0
BRDA:172,11,0,1
BRDA:172,11,1,7
BRDA:182,12,0,6
BRDA:182,12,1,1
BRF:24
BRH:22
end_of_record
